SF:lib\main.dart
DA:3,0
DA:4,0
DA:8,2
DA:10,1
DA:12,1
DA:15,1
DA:17,1
DA:20,1
DA:84,1
DA:86,1
DA:87,1
DA:97,1
DA:99,1
DA:100,2
DA:104,2
DA:109,3
DA:110,2
DA:113,1
DA:114,2
DA:115,2
DA:118,2
DA:119,2
DA:122,1
DA:124,2
DA:125,2
DA:126,1
DA:129,1
DA:131,1
DA:132,1
DA:133,1
DA:134,1
DA:135,1
DA:136,1
DA:137,1
DA:138,1
DA:139,1
DA:146,1
DA:147,3
DA:148,1
DA:150,1
DA:151,1
DA:155,1
DA:156,1
DA:157,1
DA:158,1
DA:159,1
DA:163,1
DA:164,1
DA:165,1
DA:171,1
DA:173,0
DA:174,0
DA:175,0
DA:177,0
DA:178,0
DA:180,0
DA:181,0
DA:182,0
DA:186,0
DA:187,0
DA:195,0
DA:197,0
DA:198,0
DA:199,0
DA:202,0
DA:203,0
DA:204,0
DA:205,0
DA:212,0
DA:213,0
DA:224,1
DA:226,1
DA:227,1
DA:229,4
DA:230,3
DA:234,1
DA:235,1
DA:236,1
DA:237,0
DA:241,1
DA:243,1
DA:244,0
DA:245,1
DA:246,1
DA:248,2
DA:254,1
DA:255,1
DA:268,1
DA:269,3
DA:270,1
DA:271,2
DA:273,1
DA:274,1
DA:282,1
DA:283,1
DA:284,1
DA:285,1
DA:286,1
DA:287,1
DA:288,1
DA:293,1
DA:294,1
DA:295,1
DA:296,1
DA:297,1
DA:300,1
DA:301,1
DA:302,1
DA:308,1
DA:310,4
DA:317,1
DA:318,1
DA:323,4
DA:324,3
DA:333,1
DA:334,1
DA:339,4
DA:340,3
DA:344,1
DA:346,0
DA:347,0
DA:348,0
DA:350,0
DA:351,0
DA:353,0
DA:360,0
DA:361,0
DA:365,0
DA:366,0
DA:367,0
DA:380,0
DA:382,0
DA:383,0
DA:384,0
DA:386,0
DA:393,0
DA:394,0
DA:396,0
DA:399,0
DA:414,1
DA:416,1
DA:417,1
DA:418,0
DA:420,1
DA:427,1
DA:428,1
DA:432,1
DA:433,1
DA:434,1
DA:446,1
DA:447,0
DA:448,1
DA:450,1
DA:457,1
DA:458,1
DA:460,1
DA:463,1
DA:484,1
DA:485,3
DA:486,1
DA:487,2
DA:489,1
DA:490,1
DA:496,1
DA:502,1
DA:510,1
DA:511,1
DA:519,1
DA:520,1
DA:521,1
DA:523,4
DA:524,3
DA:529,1
DA:530,1
DA:532,4
DA:533,3
DA:538,1
DA:540,0
DA:541,0
DA:542,0
DA:545,0
DA:546,0
DA:547,0
DA:548,0
DA:549,0
DA:552,0
DA:553,0
DA:554,0
DA:560,0
DA:561,0
DA:562,0
DA:564,0
DA:567,0
DA:568,0
DA:569,0
DA:572,0
DA:576,0
DA:577,0
DA:579,0
DA:583,0
DA:584,0
DA:585,0
DA:586,0
DA:588,0
DA:590,0
DA:596,0
DA:597,0
DA:598,0
DA:599,0
DA:600,0
DA:602,0
DA:610,0
DA:613,1
DA:614,1
DA:615,1
DA:616,3
DA:617,1
DA:618,1
DA:624,1
DA:625,3
DA:626,1
DA:627,1
DA:628,1
DA:629,1
DA:635,1
DA:636,1
DA:637,1
DA:639,1
DA:640,1
DA:642,2
DA:643,1
DA:645,1
DA:646,1
DA:648,1
DA:650,2
DA:654,1
DA:655,1
DA:656,1
DA:657,1
DA:658,1
DA:659,1
DA:661,1
DA:663,2
DA:669,1
DA:670,1
DA:671,3
DA:672,1
DA:673,1
DA:675,2
DA:684,1
DA:686,1
DA:692,1
DA:693,1
DA:694,1
DA:695,1
DA:696,1
DA:699,1
DA:700,1
DA:701,1
DA:707,1
DA:708,1
DA:709,1
DA:711,1
DA:714,1
DA:715,1
DA:716,1
DA:719,1
DA:723,1
DA:724,2
DA:726,3
DA:730,1
DA:731,2
DA:732,3
DA:733,1
DA:735,1
DA:737,2
DA:743,1
DA:744,2
DA:745,3
DA:746,1
DA:747,1
DA:749,2
DA:759,0
DA:760,0
DA:761,0
DA:762,0
DA:765,0
DA:766,0
DA:767,0
DA:768,0
DA:769,0
DA:770,0
DA:776,0
DA:777,0
DA:778,0
DA:780,0
DA:781,0
DA:783,0
DA:784,0
DA:786,0
DA:787,0
DA:789,0
DA:793,0
DA:794,0
DA:795,0
DA:796,0
DA:798,0
DA:800,0
DA:805,0
DA:806,0
DA:807,0
DA:808,0
DA:809,0
DA:811,0
DA:819,0
DA:826,1
DA:827,3
DA:828,1
DA:829,2
DA:831,1
DA:832,1
DA:833,1
DA:834,1
DA:835,1
DA:838,1
DA:839,1
DA:847,1
DA:848,1
DA:849,1
DA:850,1
DA:851,1
DA:854,1
DA:855,1
DA:861,0
DA:862,0
DA:863,0
DA:865,0
DA:866,0
DA:867,0
DA:869,0
DA:870,0
DA:874,0
DA:877,0
DA:879,0
DA:880,0
DA:881,0
DA:883,0
DA:884,0
DA:888,0
DA:893,1
DA:894,1
DA:895,1
DA:897,3
DA:898,1
DA:899,1
DA:901,1
DA:902,1
DA:906,1
DA:909,1
DA:911,3
DA:912,1
DA:913,1
DA:915,1
DA:916,1
DA:920,1
DA:924,0
DA:926,0
DA:927,0
DA:928,0
DA:930,0
DA:931,0
DA:935,0
DA:940,1
DA:946,1
DA:947,1
DA:948,1
DA:950,4
DA:951,3
DA:956,1
DA:957,1
DA:959,4
DA:960,3
DA:969,1
DA:970,3
DA:971,1
DA:973,1
DA:974,1
DA:978,1
DA:979,1
DA:980,1
DA:981,1
DA:982,1
DA:987,1
DA:988,1
DA:990,0
DA:991,0
DA:992,0
DA:994,0
DA:995,0
DA:996,0
DA:1001,0
DA:1003,0
DA:1004,0
DA:1005,0
DA:1008,0
DA:1009,0
DA:1012,0
DA:1013,0
DA:1020,1
DA:1022,1
DA:1023,1
DA:1025,3
DA:1026,1
DA:1027,3
DA:1031,1
DA:1032,1
DA:1033,1
DA:1034,0
DA:1037,1
DA:1038,0
DA:1041,1
DA:1042,0
DA:1049,1
DA:1051,1
DA:1052,1
DA:1054,4
DA:1055,3
LF:427
LH:273
end_of_record
